<?xml version="1.0" encoding="UTF-8"?>
<!-- Generated by org.testng.reporters.JUnitReportReporter -->
<testsuite hostname="DESKTOP-NIQLR3C" failures="0" tests="2" name="testPackage.TestClass" time="24.757" errors="0" timestamp="2023-05-03T10:22:02 IST" skipped="0">
  <testcase classname="testPackage.TestClass" name="excel" time="12.336"/>
  <system-out/>
  <testcase classname="testPackage.TestClass" name="simple" time="12.421"/>
  <system-out/>
</testsuite> <!-- testPackage.TestClass -->
